<?xml version="1.0" encoding="UTF-8"?>
<!-- Generated by org.testng.reporters.JUnitXMLReporter -->
<testsuite hostname="Dika" name="Default test" tests="3" failures="0" timestamp="15 May 2019 10:04:56 GMT" time="44.052" errors="0">
  <testcase name="titlePageTestDemoAUT" time="1.479" classname="testcase.MainClass"/>
  <testcase name="testRegisterationInDemoAUT" time="10.292" classname="testcase.MainClass"/>
  <testcase name="testLoginInDemoAUT" time="3.323" classname="testcase.MainClass"/>
</testsuite> <!-- Default test -->
