<?xml version="1.0" encoding="UTF-8"?>
<!-- Generated by org.testng.reporters.JUnitXMLReporter -->
<testsuite hostname="Dika" name="Test" tests="3" failures="1" timestamp="16 May 2019 06:51:53 GMT" time="78.271" errors="0">
  <testcase name="titlePageTestDemoAUT" time="4.588" classname="testcase.MainClass"/>
  <testcase name="testRegisterationInDemoAUT" time="5.976" classname="testcase.MainClass">
    <failure type="java.lang.AssertionError">
      <![CDATA[java.lang.AssertionError
	at testcase.MainClass.testRegisterationInDemoAUT(MainClass.java:24)
... Removed 24 stack frames]]>
    </failure>
  </testcase> <!-- testRegisterationInDemoAUT -->
  <testcase name="testLoginInDemoAUT" time="3.02" classname="testcase.MainClass"/>
</testsuite> <!-- Test -->
