<?xml version="1.0" encoding="UTF-8"?>
<testng-results skipped="0" failed="0" total="3" passed="3">
  <reporter-output>
    <line>
      <![CDATA[64]]>
    </line>
  </reporter-output>
  <suite name="Default suite" duration-ms="44052" started-at="2019-05-15T10:04:12Z" finished-at="2019-05-15T10:04:56Z">
    <groups>
    </groups>
    <test name="Default test" duration-ms="44052" started-at="2019-05-15T10:04:12Z" finished-at="2019-05-15T10:04:56Z">
      <class name="testcase.MainClass">
        <test-method status="PASS" signature="setUp()[pri:0, instance:testcase.MainClass@2a5ca609]" name="setUp" is-config="true" duration-ms="10312" started-at="2019-05-15T15:34:12Z" finished-at="2019-05-15T15:34:22Z">
          <reporter-output>
          </reporter-output>
        </test-method> <!-- setUp -->
        <test-method status="PASS" signature="titlePageTestDemoAUT()[pri:0, instance:testcase.MainClass@2a5ca609]" name="titlePageTestDemoAUT" duration-ms="1479" started-at="2019-05-15T15:34:22Z" finished-at="2019-05-15T15:34:24Z">
          <reporter-output>
          </reporter-output>
        </test-method> <!-- titlePageTestDemoAUT -->
        <test-method status="PASS" signature="tearDown()[pri:0, instance:testcase.MainClass@2a5ca609]" name="tearDown" is-config="true" duration-ms="887" started-at="2019-05-15T15:34:24Z" finished-at="2019-05-15T15:34:25Z">
          <reporter-output>
          </reporter-output>
        </test-method> <!-- tearDown -->
        <test-method status="PASS" signature="setUp()[pri:0, instance:testcase.MainClass@2a5ca609]" name="setUp" is-config="true" duration-ms="9142" started-at="2019-05-15T15:34:25Z" finished-at="2019-05-15T15:34:34Z">
          <reporter-output>
          </reporter-output>
        </test-method> <!-- setUp -->
        <test-method status="PASS" signature="testRegisterationInDemoAUT()[pri:1, instance:testcase.MainClass@2a5ca609]" name="testRegisterationInDemoAUT" duration-ms="10292" started-at="2019-05-15T15:34:34Z" finished-at="2019-05-15T15:34:44Z">
          <reporter-output>
            <line>
              <![CDATA[64]]>
            </line>
          </reporter-output>
        </test-method> <!-- testRegisterationInDemoAUT -->
        <test-method status="PASS" signature="tearDown()[pri:0, instance:testcase.MainClass@2a5ca609]" name="tearDown" is-config="true" duration-ms="309" started-at="2019-05-15T15:34:44Z" finished-at="2019-05-15T15:34:44Z">
          <reporter-output>
          </reporter-output>
        </test-method> <!-- tearDown -->
        <test-method status="PASS" signature="setUp()[pri:0, instance:testcase.MainClass@2a5ca609]" name="setUp" is-config="true" duration-ms="7752" started-at="2019-05-15T15:34:44Z" finished-at="2019-05-15T15:34:52Z">
          <reporter-output>
          </reporter-output>
        </test-method> <!-- setUp -->
        <test-method status="PASS" signature="testLoginInDemoAUT()[pri:2, instance:testcase.MainClass@2a5ca609]" name="testLoginInDemoAUT" duration-ms="3323" started-at="2019-05-15T15:34:52Z" finished-at="2019-05-15T15:34:55Z">
          <reporter-output>
          </reporter-output>
        </test-method> <!-- testLoginInDemoAUT -->
        <test-method status="PASS" signature="tearDown()[pri:0, instance:testcase.MainClass@2a5ca609]" name="tearDown" is-config="true" duration-ms="528" started-at="2019-05-15T15:34:55Z" finished-at="2019-05-15T15:34:56Z">
          <reporter-output>
          </reporter-output>
        </test-method> <!-- tearDown -->
      </class> <!-- testcase.MainClass -->
    </test> <!-- Default test -->
  </suite> <!-- Default suite -->
</testng-results>
